Using pre-set license
Built from '2021.3/staging' branch; Version is '2021.3.4f1 (cb45f9cae8b7) revision 13321721'; Using compiler version '192829333'; Build Type 'Release'
OS: 'Windows 11  (10.0.26100) 64bit Core' Language: 'en' Physical Memory: 32485 MB
BatchMode: 1, IsHumanControllingUs: 0, StartBugReporterOnCrash: 0, Is64bit: 1, IsPro: 1

COMMAND LINE ARGUMENTS:
D:\Unity Editor\2021.3.4f1\Editor\Unity.exe
-adb2
-batchMode
-noUpm
-name
AssetImportWorker2
-projectPath
D:/ADMIN/OneDrive/My Works/personal/GItHub/cluster_dv
-logFile
Logs/AssetImportWorker2.log
-srvPort
54903
Successfully changed project path to: D:/ADMIN/OneDrive/My Works/personal/GItHub/cluster_dv
D:/ADMIN/OneDrive/My Works/personal/GItHub/cluster_dv
[UnityMemory] Configuration Parameters - Can be set up in boot.config
    "memorysetup-bucket-allocator-granularity=16"
    "memorysetup-bucket-allocator-bucket-count=8"
    "memorysetup-bucket-allocator-block-size=33554432"
    "memorysetup-bucket-allocator-block-count=8"
    "memorysetup-main-allocator-block-size=16777216"
    "memorysetup-thread-allocator-block-size=16777216"
    "memorysetup-gfx-main-allocator-block-size=16777216"
    "memorysetup-gfx-thread-allocator-block-size=16777216"
    "memorysetup-cache-allocator-block-size=4194304"
    "memorysetup-typetree-allocator-block-size=2097152"
    "memorysetup-profiler-bucket-allocator-granularity=16"
    "memorysetup-profiler-bucket-allocator-bucket-count=8"
    "memorysetup-profiler-bucket-allocator-block-size=33554432"
    "memorysetup-profiler-bucket-allocator-block-count=8"
    "memorysetup-profiler-allocator-block-size=16777216"
    "memorysetup-profiler-editor-allocator-block-size=1048576"
    "memorysetup-temp-allocator-size-main=16777216"
    "memorysetup-job-temp-allocator-block-size=2097152"
    "memorysetup-job-temp-allocator-block-size-background=1048576"
    "memorysetup-job-temp-allocator-reduction-small-platforms=262144"
    "memorysetup-temp-allocator-size-background-worker=32768"
    "memorysetup-temp-allocator-size-job-worker=262144"
    "memorysetup-temp-allocator-size-preload-manager=33554432"
    "memorysetup-temp-allocator-size-nav-mesh-worker=65536"
    "memorysetup-temp-allocator-size-audio-worker=65536"
    "memorysetup-temp-allocator-size-cloud-worker=32768"
    "memorysetup-temp-allocator-size-gi-baking-worker=262144"
    "memorysetup-temp-allocator-size-gfx=262144"
Refreshing native plugins compatible for Editor in 129.54 ms, found 3 plugins.
Preloading 0 native plugins for Editor in 0.00 ms.
Initialize engine version: 2021.3.4f1 (cb45f9cae8b7)
[Subsystems] Discovering subsystems at path D:/Unity Editor/2021.3.4f1/Editor/Data/Resources/UnitySubsystems
[Subsystems] Discovering subsystems at path D:/ADMIN/OneDrive/My Works/personal/GItHub/cluster_dv/Assets
GfxDevice: creating device client; threaded=0; jobified=0
Direct3D:
    Version:  Direct3D 11.0 [level 11.1]
    Renderer: NVIDIA GeForce RTX 3060 Ti (ID=0x2489)
    Vendor:   NVIDIA
    VRAM:     8024 MB
    Driver:   32.0.15.7296
Initialize mono
Mono path[0] = 'D:/Unity Editor/2021.3.4f1/Editor/Data/Managed'
Mono path[1] = 'D:/Unity Editor/2021.3.4f1/Editor/Data/MonoBleedingEdge/lib/mono/unityjit-win32'
Mono config path = 'D:/Unity Editor/2021.3.4f1/Editor/Data/MonoBleedingEdge/etc'
Using monoOptions --debugger-agent=transport=dt_socket,embedding=1,server=y,suspend=n,address=127.0.0.1:56876
Begin MonoManager ReloadAssembly
Registering precompiled unity dll's ...
Register platform support module: D:/Unity Editor/2021.3.4f1/Editor/Data/PlaybackEngines/MacStandaloneSupport/UnityEditor.OSXStandalone.Extensions.dll
Register platform support module: D:/Unity Editor/2021.3.4f1/Editor/Data/PlaybackEngines/AndroidPlayer/UnityEditor.Android.Extensions.dll
Register platform support module: D:/Unity Editor/2021.3.4f1/Editor/Data/PlaybackEngines/iOSSupport/UnityEditor.iOS.Extensions.dll
Register platform support module: D:/Unity Editor/2021.3.4f1/Editor/Data/PlaybackEngines/WindowsStandaloneSupport/UnityEditor.WindowsStandalone.Extensions.dll
Registered in 0.013415 seconds.
Native extension for WindowsStandalone target not found
[usbmuxd] Start listen thread
[usbmuxd] Listen thread started
Native extension for iOS target not found
Native extension for Android target not found
Native extension for OSXStandalone target not found
Refreshing native plugins compatible for Editor in 78.74 ms, found 3 plugins.
Preloading 0 native plugins for Editor in 0.00 ms.
Mono: successfully reloaded assembly
- Completed reload, in  0.656 seconds
Domain Reload Profiling:
	ReloadAssembly (657ms)
		BeginReloadAssembly (95ms)
			ExecutionOrderSort (0ms)
			DisableScriptedObjects (0ms)
			BackupInstance (0ms)
			ReleaseScriptingObjects (0ms)
			CreateAndSetChildDomain (1ms)
		EndReloadAssembly (454ms)
			LoadAssemblies (92ms)
			RebuildTransferFunctionScriptingTraits (0ms)
			SetupTypeCache (89ms)
			ReleaseScriptCaches (0ms)
			RebuildScriptCaches (27ms)
			SetupLoadedEditorAssemblies (283ms)
				LogAssemblyErrors (0ms)
				InitializePlatformSupportModulesInManaged (77ms)
				SetLoadedEditorAssemblies (0ms)
				RefreshPlugins (79ms)
				BeforeProcessingInitializeOnLoad (1ms)
				ProcessInitializeOnLoadAttributes (90ms)
				ProcessInitializeOnLoadMethodAttributes (36ms)
				AfterProcessingInitializeOnLoad (0ms)
				EditorAssembliesLoaded (0ms)
			ExecutionOrderSort2 (0ms)
			AwakeInstancesAfterBackupRestoration (0ms)
Platform modules already initialized, skipping
Registering precompiled user dll's ...
Registered in 0.011206 seconds.
Begin MonoManager ReloadAssembly
Symbol file LoadedFromMemory doesn't match image D:\ADMIN\OneDrive\My Works\personal\GItHub\cluster_dv\Library\PackageCache\com.unity.visualscripting@1.7.8\Editor\VisualScripting.Core\Dependencies\YamlDotNet\Unity.VisualScripting.YamlDotNet.dll
Symbol file LoadedFromMemory doesn't match image D:\ADMIN\OneDrive\My Works\personal\GItHub\cluster_dv\Library\PackageCache\com.unity.visualscripting@1.7.8\Editor\VisualScripting.Core\Dependencies\DotNetZip\Unity.VisualScripting.IonicZip.dll
Native extension for WindowsStandalone target not found
Native extension for iOS target not found
Native extension for Android target not found
Native extension for OSXStandalone target not found
Refreshing native plugins compatible for Editor in 96.09 ms, found 3 plugins.
Preloading 0 native plugins for Editor in 0.00 ms.
Package Manager log level set to [2]
System.NullReferenceException: Object reference not set to an instance of an object
  at ClusterVR.CreatorKit.Editor.Infrastructure.PackageInfo.GetCreatorKitVersion () [0x0000f] in D:\ADMIN\OneDrive\My Works\personal\GItHub\cluster_dv\Library\PackageCache\mu.cluster.cluster-creator-kit@2.37.0\Editor\Infrastructure\PackageInfo.cs:15 
  at ClusterVR.CreatorKit.Editor.Analytics.EventSenderObserver..cctor () [0x00038] in D:\ADMIN\OneDrive\My Works\personal\GItHub\cluster_dv\Library\PackageCache\mu.cluster.cluster-creator-kit@2.37.0\Editor\Observer\EventSenderObserver.cs:47 
UnityEngine.StackTraceUtility:ExtractStackTrace ()
UnityEngine.DebugLogHandler:LogFormat (UnityEngine.LogType,UnityEngine.Object,string,object[])
UnityEngine.Logger:Log (UnityEngine.LogType,object)
UnityEngine.Debug:LogError (object)
UnityEditor.EditorAssemblies:ProcessInitializeOnLoadAttributes (System.Type[])

System.NullReferenceException: Object reference not set to an instance of an object
  at ClusterVR.CreatorKit.Editor.Infrastructure.PackageInfo.GetCreatorKitVersion () [0x0000f] in D:\ADMIN\OneDrive\My Works\personal\GItHub\cluster_dv\Library\PackageCache\mu.cluster.cluster-creator-kit@2.37.0\Editor\Infrastructure\PackageInfo.cs:15 
  at ClusterVR.CreatorKit.Editor.ProjectSettings.CckVersionUpdater..cctor () [0x00000] in D:\ADMIN\OneDrive\My Works\personal\GItHub\cluster_dv\Library\PackageCache\mu.cluster.cluster-creator-kit@2.37.0\Editor\ProjectSettings\CckVersionUpdater.cs:12 
UnityEngine.StackTraceUtility:ExtractStackTrace ()
UnityEngine.DebugLogHandler:LogFormat (UnityEngine.LogType,UnityEngine.Object,string,object[])
UnityEngine.Logger:Log (UnityEngine.LogType,object)
UnityEngine.Debug:LogError (object)
UnityEditor.EditorAssemblies:ProcessInitializeOnLoadAttributes (System.Type[])

Mono: successfully reloaded assembly
- Completed reload, in  1.353 seconds
Domain Reload Profiling:
	ReloadAssembly (1353ms)
		BeginReloadAssembly (230ms)
			ExecutionOrderSort (0ms)
			DisableScriptedObjects (5ms)
			BackupInstance (0ms)
			ReleaseScriptingObjects (0ms)
			CreateAndSetChildDomain (132ms)
		EndReloadAssembly (995ms)
			LoadAssemblies (121ms)
			RebuildTransferFunctionScriptingTraits (0ms)
			SetupTypeCache (262ms)
			ReleaseScriptCaches (1ms)
			RebuildScriptCaches (50ms)
			SetupLoadedEditorAssemblies (518ms)
				LogAssemblyErrors (0ms)
				InitializePlatformSupportModulesInManaged (24ms)
				SetLoadedEditorAssemblies (0ms)
				RefreshPlugins (96ms)
				BeforeProcessingInitializeOnLoad (143ms)
				ProcessInitializeOnLoadAttributes (219ms)
				ProcessInitializeOnLoadMethodAttributes (23ms)
				AfterProcessingInitializeOnLoad (12ms)
				EditorAssembliesLoaded (0ms)
			ExecutionOrderSort2 (0ms)
			AwakeInstancesAfterBackupRestoration (6ms)
Platform modules already initialized, skipping
========================================================================
Worker process is ready to serve import requests
Launched and connected shader compiler UnityShaderCompiler.exe after 0.05 seconds
Refreshing native plugins compatible for Editor in 0.51 ms, found 3 plugins.
Preloading 0 native plugins for Editor in 0.00 ms.
Unloading 4167 Unused Serialized files (Serialized files now loaded: 0)
Unloading 27 unused Assets / (55.4 KB). Loaded Objects now: 4634.
Memory consumption went from 141.8 MB to 141.7 MB.
Total: 4.391400 ms (FindLiveObjects: 0.595900 ms CreateObjectMapping: 0.272800 ms MarkObjects: 3.409000 ms  DeleteObjects: 0.112400 ms)

AssetImportParameters requested are different than current active one (requested -> active):
  custom:video-decoder-ogg-theora: a1e56fd34408186e4bbccfd4996cb3dc -> 
  custom:container-muxer-webm: aa71ff27fc2769a1b78a27578f13a17b -> 
  custom:container-demuxer-webm: 4f35f7cbe854078d1ac9338744f61a02 -> 
  custom:video-encoder-webm-vp8: eb34c28f22e8b96e1ab97ce403110664 -> 
  custom:video-codec-MediaFoundation-h265: 746d11721c4dcdbdad8f713fa42b33f4 -> 
  custom:audio-encoder-webm-vorbis: bf7c407c2cedff20999df2af8eb42d56 -> 
  custom:framework-win-MediaFoundation: 216162199b28c13a410421893ffa2e32 -> 
  custom:container-demuxer-ogg: 62fdf1f143b41e24485cea50d1cbac27 -> 
  custom:video-decoder-webm-vp8: 9c59270c3fd7afecdb556c50c9e8de78 -> 
  custom:audio-decoder-ogg-vorbis: bf7c407c2cedff20999df2af8eb42d56 -> 
========================================================================
Received Import Request.
  Time since last request: 15844.856143 seconds.
  path: Packages/mu.cluster.cluster-creator-kit/package.json
  artifactKey: Guid(6f11c0d5c326e4a6c851aa1c02ff11ee) Importer(815301076,1909f56bfc062723c751e8b465ee728b)
Start importing Packages/mu.cluster.cluster-creator-kit/package.json using Guid(6f11c0d5c326e4a6c851aa1c02ff11ee) Importer(815301076,1909f56bfc062723c751e8b465ee728b)  -> (artifact id: '2d9e1234feaf9291f06625b72db05b25') in 0.100684 seconds 
========================================================================
Received Import Request.
  Time since last request: 0.354167 seconds.
  path: Packages/com.unity.testtools.codecoverage/package.json
  artifactKey: Guid(ba7d60725b0ec604698819352642be89) Importer(815301076,1909f56bfc062723c751e8b465ee728b)
Start importing Packages/com.unity.testtools.codecoverage/package.json using Guid(ba7d60725b0ec604698819352642be89) Importer(815301076,1909f56bfc062723c751e8b465ee728b)  -> (artifact id: 'bd2dd2fcfb070eff30dd06220f902a2a') in 0.028282 seconds 
========================================================================
Received Import Request.
  Time since last request: 575.071777 seconds.
  path: Assets/Materials/a board.fbx
  artifactKey: Guid(5c9e29c6a136f9b409ac34347a6a1822) Importer(815301076,1909f56bfc062723c751e8b465ee728b)
Start importing Assets/Materials/a board.fbx using Guid(5c9e29c6a136f9b409ac34347a6a1822) Importer(815301076,1909f56bfc062723c751e8b465ee728b)  -> (artifact id: '4a72b99390f7997b7aa37e7042274dbb') in 0.203511 seconds 
========================================================================
Received Import Request.
  Time since last request: 0.000025 seconds.
  path: Assets/Materials/heya2.png
  artifactKey: Guid(f5f0806261bdcfe4d8ce19133cc2869b) Importer(815301076,1909f56bfc062723c751e8b465ee728b)
Start importing Assets/Materials/heya2.png using Guid(f5f0806261bdcfe4d8ce19133cc2869b) Importer(815301076,1909f56bfc062723c751e8b465ee728b)  -> (artifact id: '2c446365d8ec679af65fec82692487ae') in 0.039604 seconds 
========================================================================
Received Import Request.
  Time since last request: 0.000042 seconds.
  path: Assets/Materials/roof.fbx
  artifactKey: Guid(cbb9ca06a1645a647b02aebada923458) Importer(815301076,1909f56bfc062723c751e8b465ee728b)
Start importing Assets/Materials/roof.fbx using Guid(cbb9ca06a1645a647b02aebada923458) Importer(815301076,1909f56bfc062723c751e8b465ee728b)  -> (artifact id: 'de1eca7e4618a60a31f6a01318bbc8eb') in 0.049891 seconds 
========================================================================
Received Import Request.
  Time since last request: 25.704462 seconds.
  path: Assets/Materials/10240_Office_Desk_v3_L1.123cc394ebf5-7259-4084-af49-ae750224af2c
  artifactKey: Guid(317b91c45ee50044aa0b60731f6bfe17) Importer(815301076,1909f56bfc062723c751e8b465ee728b)
Start importing Assets/Materials/10240_Office_Desk_v3_L1.123cc394ebf5-7259-4084-af49-ae750224af2c using Guid(317b91c45ee50044aa0b60731f6bfe17) Importer(815301076,1909f56bfc062723c751e8b465ee728b)  -> (artifact id: '85b46f14ef3a0719cc210784035b7c51') in 0.016534 seconds 
========================================================================
Received Import Request.
  Time since last request: 9.750699 seconds.
  path: Assets
  artifactKey: Guid(00000000000000001000000000000000) Importer(815301076,1909f56bfc062723c751e8b465ee728b)
Start importing Assets using Guid(00000000000000001000000000000000) Importer(815301076,1909f56bfc062723c751e8b465ee728b)  -> (artifact id: '79842766b460edbeab6a34051e857a80') in 0.018389 seconds 
========================================================================
Received Import Request.
  Time since last request: 28.623851 seconds.
  path: Assets/Models
  artifactKey: Guid(aed6464cbd1390142a84ba9e7cdafe85) Importer(815301076,1909f56bfc062723c751e8b465ee728b)
Start importing Assets/Models using Guid(aed6464cbd1390142a84ba9e7cdafe85) Importer(815301076,1909f56bfc062723c751e8b465ee728b)  -> (artifact id: 'a31e6dfac7a1152d33d56393ac743e67') in 0.011650 seconds 
========================================================================
Received Import Request.
  Time since last request: 0.040401 seconds.
  path: Assets/Models/hebi03.fbx
  artifactKey: Guid(7286896187795da4880439a9ecbe7c13) Importer(815301076,1909f56bfc062723c751e8b465ee728b)
Start importing Assets/Models/hebi03.fbx using Guid(7286896187795da4880439a9ecbe7c13) Importer(815301076,1909f56bfc062723c751e8b465ee728b)  -> (artifact id: 'e0849474e400c33fa69b29bc78588329') in 0.036734 seconds 
========================================================================
Received Import Request.
  Time since last request: 0.000034 seconds.
  path: Assets/Models/JPEEbeer02.fbx
  artifactKey: Guid(38ca23e2d7767cf4390ef415f2d5619b) Importer(815301076,1909f56bfc062723c751e8b465ee728b)
Start importing Assets/Models/JPEEbeer02.fbx using Guid(38ca23e2d7767cf4390ef415f2d5619b) Importer(815301076,1909f56bfc062723c751e8b465ee728b)  -> (artifact id: 'b140e0e8668787bd16558ffc3b5403dc') in 0.034393 seconds 
========================================================================
Received Import Request.
  Time since last request: 0.000029 seconds.
  path: Assets/Models/potato.fbx
  artifactKey: Guid(c2a80ac32d07be248821c26a1b8c1b88) Importer(815301076,1909f56bfc062723c751e8b465ee728b)
Start importing Assets/Models/potato.fbx using Guid(c2a80ac32d07be248821c26a1b8c1b88) Importer(815301076,1909f56bfc062723c751e8b465ee728b)  -> (artifact id: 'd50a1bd6f33e5760888c617f7e091646') in 0.041986 seconds 
========================================================================
Received Import Request.
  Time since last request: 184.801149 seconds.
  path: Assets/Models/flag.png
  artifactKey: Guid(0067fe37afb4949428f91ee3c3b7a589) Importer(815301076,1909f56bfc062723c751e8b465ee728b)
Start importing Assets/Models/flag.png using Guid(0067fe37afb4949428f91ee3c3b7a589) Importer(815301076,1909f56bfc062723c751e8b465ee728b)  -> (artifact id: '9d5e9d1e8d2c0a73b5d0209400498aa5') in 0.027616 seconds 
========================================================================
Received Import Request.
  Time since last request: 0.000040 seconds.
  path: Assets/Models/potatoTex.png
  artifactKey: Guid(2eb4598c778abb94b867ea4348436c7d) Importer(815301076,1909f56bfc062723c751e8b465ee728b)
Start importing Assets/Models/potatoTex.png using Guid(2eb4598c778abb94b867ea4348436c7d) Importer(815301076,1909f56bfc062723c751e8b465ee728b)  -> (artifact id: '083812dc318b73cd378005f03929b48d') in 0.022548 seconds 
========================================================================
Received Import Request.
  Time since last request: 0.000086 seconds.
  path: Assets/Models/potato.fbx
  artifactKey: Guid(c2a80ac32d07be248821c26a1b8c1b88) Importer(815301076,1909f56bfc062723c751e8b465ee728b)
Start importing Assets/Models/potato.fbx using Guid(c2a80ac32d07be248821c26a1b8c1b88) Importer(815301076,1909f56bfc062723c751e8b465ee728b)  -> (artifact id: '15276d7e8ac1a93d39bd1f7801bffd20') in 0.035554 seconds 
