Using pre-set license
Built from '2021.3/staging' branch; Version is '2021.3.4f1 (cb45f9cae8b7) revision 13321721'; Using compiler version '192829333'; Build Type 'Release'
OS: 'Windows 11  (10.0.26100) 64bit Core' Language: 'en' Physical Memory: 32485 MB
BatchMode: 1, IsHumanControllingUs: 0, StartBugReporterOnCrash: 0, Is64bit: 1, IsPro: 1

COMMAND LINE ARGUMENTS:
D:\Unity Editor\2021.3.4f1\Editor\Unity.exe
-adb2
-batchMode
-noUpm
-name
AssetImportWorker0
-projectPath
D:/ADMIN/OneDrive/My Works/personal/GItHub/cluster_dv
-logFile
Logs/AssetImportWorker0.log
-srvPort
54903
Successfully changed project path to: D:/ADMIN/OneDrive/My Works/personal/GItHub/cluster_dv
D:/ADMIN/OneDrive/My Works/personal/GItHub/cluster_dv
[UnityMemory] Configuration Parameters - Can be set up in boot.config
    "memorysetup-bucket-allocator-granularity=16"
    "memorysetup-bucket-allocator-bucket-count=8"
    "memorysetup-bucket-allocator-block-size=33554432"
    "memorysetup-bucket-allocator-block-count=8"
    "memorysetup-main-allocator-block-size=16777216"
    "memorysetup-thread-allocator-block-size=16777216"
    "memorysetup-gfx-main-allocator-block-size=16777216"
    "memorysetup-gfx-thread-allocator-block-size=16777216"
    "memorysetup-cache-allocator-block-size=4194304"
    "memorysetup-typetree-allocator-block-size=2097152"
    "memorysetup-profiler-bucket-allocator-granularity=16"
    "memorysetup-profiler-bucket-allocator-bucket-count=8"
    "memorysetup-profiler-bucket-allocator-block-size=33554432"
    "memorysetup-profiler-bucket-allocator-block-count=8"
    "memorysetup-profiler-allocator-block-size=16777216"
    "memorysetup-profiler-editor-allocator-block-size=1048576"
    "memorysetup-temp-allocator-size-main=16777216"
    "memorysetup-job-temp-allocator-block-size=2097152"
    "memorysetup-job-temp-allocator-block-size-background=1048576"
    "memorysetup-job-temp-allocator-reduction-small-platforms=262144"
    "memorysetup-temp-allocator-size-background-worker=32768"
    "memorysetup-temp-allocator-size-job-worker=262144"
    "memorysetup-temp-allocator-size-preload-manager=33554432"
    "memorysetup-temp-allocator-size-nav-mesh-worker=65536"
    "memorysetup-temp-allocator-size-audio-worker=65536"
    "memorysetup-temp-allocator-size-cloud-worker=32768"
    "memorysetup-temp-allocator-size-gi-baking-worker=262144"
    "memorysetup-temp-allocator-size-gfx=262144"
Refreshing native plugins compatible for Editor in 94.41 ms, found 3 plugins.
Preloading 0 native plugins for Editor in 0.00 ms.
Initialize engine version: 2021.3.4f1 (cb45f9cae8b7)
[Subsystems] Discovering subsystems at path D:/Unity Editor/2021.3.4f1/Editor/Data/Resources/UnitySubsystems
[Subsystems] Discovering subsystems at path D:/ADMIN/OneDrive/My Works/personal/GItHub/cluster_dv/Assets
GfxDevice: creating device client; threaded=0; jobified=0
Direct3D:
    Version:  Direct3D 11.0 [level 11.1]
    Renderer: NVIDIA GeForce RTX 3060 Ti (ID=0x2489)
    Vendor:   NVIDIA
    VRAM:     8024 MB
    Driver:   32.0.15.7296
Initialize mono
Mono path[0] = 'D:/Unity Editor/2021.3.4f1/Editor/Data/Managed'
Mono path[1] = 'D:/Unity Editor/2021.3.4f1/Editor/Data/MonoBleedingEdge/lib/mono/unityjit-win32'
Mono config path = 'D:/Unity Editor/2021.3.4f1/Editor/Data/MonoBleedingEdge/etc'
Using monoOptions --debugger-agent=transport=dt_socket,embedding=1,server=y,suspend=n,address=127.0.0.1:56276
Begin MonoManager ReloadAssembly
Registering precompiled unity dll's ...
Register platform support module: D:/Unity Editor/2021.3.4f1/Editor/Data/PlaybackEngines/MacStandaloneSupport/UnityEditor.OSXStandalone.Extensions.dll
Register platform support module: D:/Unity Editor/2021.3.4f1/Editor/Data/PlaybackEngines/AndroidPlayer/UnityEditor.Android.Extensions.dll
Register platform support module: D:/Unity Editor/2021.3.4f1/Editor/Data/PlaybackEngines/iOSSupport/UnityEditor.iOS.Extensions.dll
Register platform support module: D:/Unity Editor/2021.3.4f1/Editor/Data/PlaybackEngines/WindowsStandaloneSupport/UnityEditor.WindowsStandalone.Extensions.dll
Registered in 0.014966 seconds.
Native extension for WindowsStandalone target not found
[usbmuxd] Start listen thread
[usbmuxd] Listen thread started
Native extension for iOS target not found
Native extension for Android target not found
Native extension for OSXStandalone target not found
Refreshing native plugins compatible for Editor in 97.63 ms, found 3 plugins.
Preloading 0 native plugins for Editor in 0.00 ms.
Mono: successfully reloaded assembly
- Completed reload, in  0.774 seconds
Domain Reload Profiling:
	ReloadAssembly (774ms)
		BeginReloadAssembly (105ms)
			ExecutionOrderSort (0ms)
			DisableScriptedObjects (0ms)
			BackupInstance (0ms)
			ReleaseScriptingObjects (0ms)
			CreateAndSetChildDomain (1ms)
		EndReloadAssembly (533ms)
			LoadAssemblies (102ms)
			RebuildTransferFunctionScriptingTraits (0ms)
			SetupTypeCache (139ms)
			ReleaseScriptCaches (0ms)
			RebuildScriptCaches (25ms)
			SetupLoadedEditorAssemblies (310ms)
				LogAssemblyErrors (0ms)
				InitializePlatformSupportModulesInManaged (74ms)
				SetLoadedEditorAssemblies (0ms)
				RefreshPlugins (98ms)
				BeforeProcessingInitializeOnLoad (1ms)
				ProcessInitializeOnLoadAttributes (91ms)
				ProcessInitializeOnLoadMethodAttributes (45ms)
				AfterProcessingInitializeOnLoad (0ms)
				EditorAssembliesLoaded (0ms)
			ExecutionOrderSort2 (0ms)
			AwakeInstancesAfterBackupRestoration (0ms)
Platform modules already initialized, skipping
Registering precompiled user dll's ...
Registered in 0.012643 seconds.
Begin MonoManager ReloadAssembly
Symbol file LoadedFromMemory doesn't match image D:\ADMIN\OneDrive\My Works\personal\GItHub\cluster_dv\Library\PackageCache\com.unity.visualscripting@1.7.8\Editor\VisualScripting.Core\Dependencies\YamlDotNet\Unity.VisualScripting.YamlDotNet.dll
Symbol file LoadedFromMemory doesn't match image D:\ADMIN\OneDrive\My Works\personal\GItHub\cluster_dv\Library\PackageCache\com.unity.visualscripting@1.7.8\Editor\VisualScripting.Core\Dependencies\DotNetZip\Unity.VisualScripting.IonicZip.dll
Native extension for WindowsStandalone target not found
Native extension for iOS target not found
Native extension for Android target not found
Native extension for OSXStandalone target not found
Refreshing native plugins compatible for Editor in 84.59 ms, found 3 plugins.
Preloading 0 native plugins for Editor in 0.00 ms.
Package Manager log level set to [2]
System.NullReferenceException: Object reference not set to an instance of an object
  at ClusterVR.CreatorKit.Editor.Infrastructure.PackageInfo.GetCreatorKitVersion () [0x0000f] in D:\ADMIN\OneDrive\My Works\personal\GItHub\cluster_dv\Library\PackageCache\mu.cluster.cluster-creator-kit@2.37.0\Editor\Infrastructure\PackageInfo.cs:15 
  at ClusterVR.CreatorKit.Editor.Analytics.EventSenderObserver..cctor () [0x00038] in D:\ADMIN\OneDrive\My Works\personal\GItHub\cluster_dv\Library\PackageCache\mu.cluster.cluster-creator-kit@2.37.0\Editor\Observer\EventSenderObserver.cs:47 
UnityEngine.StackTraceUtility:ExtractStackTrace ()
UnityEngine.DebugLogHandler:LogFormat (UnityEngine.LogType,UnityEngine.Object,string,object[])
UnityEngine.Logger:Log (UnityEngine.LogType,object)
UnityEngine.Debug:LogError (object)
UnityEditor.EditorAssemblies:ProcessInitializeOnLoadAttributes (System.Type[])

System.NullReferenceException: Object reference not set to an instance of an object
  at ClusterVR.CreatorKit.Editor.Infrastructure.PackageInfo.GetCreatorKitVersion () [0x0000f] in D:\ADMIN\OneDrive\My Works\personal\GItHub\cluster_dv\Library\PackageCache\mu.cluster.cluster-creator-kit@2.37.0\Editor\Infrastructure\PackageInfo.cs:15 
  at ClusterVR.CreatorKit.Editor.ProjectSettings.CckVersionUpdater..cctor () [0x00000] in D:\ADMIN\OneDrive\My Works\personal\GItHub\cluster_dv\Library\PackageCache\mu.cluster.cluster-creator-kit@2.37.0\Editor\ProjectSettings\CckVersionUpdater.cs:12 
UnityEngine.StackTraceUtility:ExtractStackTrace ()
UnityEngine.DebugLogHandler:LogFormat (UnityEngine.LogType,UnityEngine.Object,string,object[])
UnityEngine.Logger:Log (UnityEngine.LogType,object)
UnityEngine.Debug:LogError (object)
UnityEditor.EditorAssemblies:ProcessInitializeOnLoadAttributes (System.Type[])

Mono: successfully reloaded assembly
- Completed reload, in  1.490 seconds
Domain Reload Profiling:
	ReloadAssembly (1491ms)
		BeginReloadAssembly (242ms)
			ExecutionOrderSort (0ms)
			DisableScriptedObjects (4ms)
			BackupInstance (0ms)
			ReleaseScriptingObjects (0ms)
			CreateAndSetChildDomain (128ms)
		EndReloadAssembly (1126ms)
			LoadAssemblies (146ms)
			RebuildTransferFunctionScriptingTraits (0ms)
			SetupTypeCache (321ms)
			ReleaseScriptCaches (1ms)
			RebuildScriptCaches (60ms)
			SetupLoadedEditorAssemblies (559ms)
				LogAssemblyErrors (0ms)
				InitializePlatformSupportModulesInManaged (29ms)
				SetLoadedEditorAssemblies (1ms)
				RefreshPlugins (85ms)
				BeforeProcessingInitializeOnLoad (145ms)
				ProcessInitializeOnLoadAttributes (248ms)
				ProcessInitializeOnLoadMethodAttributes (35ms)
				AfterProcessingInitializeOnLoad (17ms)
				EditorAssembliesLoaded (0ms)
			ExecutionOrderSort2 (0ms)
			AwakeInstancesAfterBackupRestoration (4ms)
Platform modules already initialized, skipping
========================================================================
Worker process is ready to serve import requests
Launched and connected shader compiler UnityShaderCompiler.exe after 0.05 seconds
Refreshing native plugins compatible for Editor in 0.79 ms, found 3 plugins.
Preloading 0 native plugins for Editor in 0.00 ms.
Unloading 4167 Unused Serialized files (Serialized files now loaded: 0)
Unloading 27 unused Assets / (55.4 KB). Loaded Objects now: 4634.
Memory consumption went from 141.7 MB to 141.7 MB.
Total: 4.141300 ms (FindLiveObjects: 0.359800 ms CreateObjectMapping: 0.272700 ms MarkObjects: 3.401700 ms  DeleteObjects: 0.105500 ms)

AssetImportParameters requested are different than current active one (requested -> active):
  custom:video-decoder-ogg-theora: a1e56fd34408186e4bbccfd4996cb3dc -> 
  custom:container-muxer-webm: aa71ff27fc2769a1b78a27578f13a17b -> 
  custom:container-demuxer-webm: 4f35f7cbe854078d1ac9338744f61a02 -> 
  custom:video-encoder-webm-vp8: eb34c28f22e8b96e1ab97ce403110664 -> 
  custom:video-codec-MediaFoundation-h265: 746d11721c4dcdbdad8f713fa42b33f4 -> 
  custom:audio-encoder-webm-vorbis: bf7c407c2cedff20999df2af8eb42d56 -> 
  custom:framework-win-MediaFoundation: 216162199b28c13a410421893ffa2e32 -> 
  custom:container-demuxer-ogg: 62fdf1f143b41e24485cea50d1cbac27 -> 
  custom:video-decoder-webm-vp8: 9c59270c3fd7afecdb556c50c9e8de78 -> 
  custom:audio-decoder-ogg-vorbis: bf7c407c2cedff20999df2af8eb42d56 -> 
========================================================================
Received Import Request.
  Time since last request: 15760.787824 seconds.
  path: Assets/Tree.prefab
  artifactKey: Guid(41ac0318041db4c4d9a9110707a42b7d) Importer(815301076,1909f56bfc062723c751e8b465ee728b)
Start importing Assets/Tree.prefab using Guid(41ac0318041db4c4d9a9110707a42b7d) Importer(815301076,1909f56bfc062723c751e8b465ee728b)  -> (artifact id: 'd8231802c32f49e2d009d3a6399fc0a2') in 0.220058 seconds 
========================================================================
Received Import Request.
  Time since last request: 76.295987 seconds.
  path: Assets/Materials/Chair_v1_L3.123cb2a21f24-046e-40dc-a466-930853272a71/12283_Chair_v1_L3.obj
  artifactKey: Guid(ad93174973da69c43859c313f3061623) Importer(815301076,1909f56bfc062723c751e8b465ee728b)
Start importing Assets/Materials/Chair_v1_L3.123cb2a21f24-046e-40dc-a466-930853272a71/12283_Chair_v1_L3.obj using Guid(ad93174973da69c43859c313f3061623) Importer(815301076,1909f56bfc062723c751e8b465ee728b)  -> (artifact id: 'd2cfd63349178f3a917b9aeb553f95db') in 0.114743 seconds 
========================================================================
Received Import Request.
  Time since last request: 0.655528 seconds.
  path: Assets/Materials/eb_house_plant_01/eb_basic_material_setup.png
  artifactKey: Guid(38c4176d5396b5f4e806cd11813877ab) Importer(815301076,1909f56bfc062723c751e8b465ee728b)
Start importing Assets/Materials/eb_house_plant_01/eb_basic_material_setup.png using Guid(38c4176d5396b5f4e806cd11813877ab) Importer(815301076,1909f56bfc062723c751e8b465ee728b)  -> (artifact id: 'cd6cbdb5b37202a2e5d7e68034c0b947') in 0.041202 seconds 
========================================================================
Received Import Request.
  Time since last request: 0.000026 seconds.
  path: Assets/Materials/eb_house_plant_01/eb_house_plant_01_g.tga
  artifactKey: Guid(5ed285c4407f6284182f4b35cbe4b5cb) Importer(815301076,1909f56bfc062723c751e8b465ee728b)
Start importing Assets/Materials/eb_house_plant_01/eb_house_plant_01_g.tga using Guid(5ed285c4407f6284182f4b35cbe4b5cb) Importer(815301076,1909f56bfc062723c751e8b465ee728b)  -> (artifact id: '7fad9379cfa1f14d23fd4727695c9ac1') in 0.026652 seconds 
========================================================================
Received Import Request.
  Time since last request: 0.000043 seconds.
  path: Assets/Materials/eb_house_plant_01/eb_house_plant_01_ren_01.jpg
  artifactKey: Guid(1c6116d3e358ea847931b601e285e0a7) Importer(815301076,1909f56bfc062723c751e8b465ee728b)
Start importing Assets/Materials/eb_house_plant_01/eb_house_plant_01_ren_01.jpg using Guid(1c6116d3e358ea847931b601e285e0a7) Importer(815301076,1909f56bfc062723c751e8b465ee728b)  -> (artifact id: '689c027bfc44aa575b46f020686374fa') in 0.026492 seconds 
========================================================================
Received Import Request.
  Time since last request: 0.000023 seconds.
  path: Assets/Materials/eb_house_plant_01/eb_house_plant_01_n.tga
  artifactKey: Guid(cbf8e9cbbd7c0914aa42a2aa8c6ff8da) Importer(815301076,1909f56bfc062723c751e8b465ee728b)
Start importing Assets/Materials/eb_house_plant_01/eb_house_plant_01_n.tga using Guid(cbf8e9cbbd7c0914aa42a2aa8c6ff8da) Importer(815301076,1909f56bfc062723c751e8b465ee728b)  -> (artifact id: '23eb60ba42ce1108cc84d3e6d052730b') in 0.028112 seconds 
========================================================================
Received Import Request.
  Time since last request: 0.000026 seconds.
  path: Assets/Materials/eb_house_plant_01/eb_house_plant_01_c.tga
  artifactKey: Guid(7f97b3e83314b95408e4384e83c1f3b0) Importer(815301076,1909f56bfc062723c751e8b465ee728b)
Start importing Assets/Materials/eb_house_plant_01/eb_house_plant_01_c.tga using Guid(7f97b3e83314b95408e4384e83c1f3b0) Importer(815301076,1909f56bfc062723c751e8b465ee728b)  -> (artifact id: '4e5502163afcdec611b3f69503038303') in 0.022149 seconds 
========================================================================
Received Import Request.
  Time since last request: 1.426608 seconds.
  path: Assets/Materials/Materials/construction.mat
  artifactKey: Guid(c33b12a209122854799c27797e69cb1f) Importer(815301076,1909f56bfc062723c751e8b465ee728b)
Start importing Assets/Materials/Materials/construction.mat using Guid(c33b12a209122854799c27797e69cb1f) Importer(815301076,1909f56bfc062723c751e8b465ee728b)  -> (artifact id: 'bb57a1da1453d77205884725f1030cd6') in 0.032115 seconds 
========================================================================
Received Import Request.
  Time since last request: 0.000024 seconds.
  path: Assets/Materials/Materials/heya2.mat
  artifactKey: Guid(0d755e7e1420bf54eab1aa16ffd33805) Importer(815301076,1909f56bfc062723c751e8b465ee728b)
Start importing Assets/Materials/Materials/heya2.mat using Guid(0d755e7e1420bf54eab1aa16ffd33805) Importer(815301076,1909f56bfc062723c751e8b465ee728b)  -> (artifact id: '7e0afba7eea2120834d82fff41fafb8a') in 0.024358 seconds 
========================================================================
Received Import Request.
  Time since last request: 1.869058 seconds.
  path: Assets/Tree_Textures/diffuse.png
  artifactKey: Guid(f727e4bd3a632344fb3f653426914b9c) Importer(815301076,1909f56bfc062723c751e8b465ee728b)
Start importing Assets/Tree_Textures/diffuse.png using Guid(f727e4bd3a632344fb3f653426914b9c) Importer(815301076,1909f56bfc062723c751e8b465ee728b)  -> (artifact id: '61b300e3dea81e6ab28f73c148d15661') in 0.020615 seconds 
========================================================================
Received Import Request.
  Time since last request: 0.000021 seconds.
  path: Assets/Tree_Textures/shadow.png
  artifactKey: Guid(e2f05d403b7a6444a8fb480e887058a5) Importer(815301076,1909f56bfc062723c751e8b465ee728b)
Start importing Assets/Tree_Textures/shadow.png using Guid(e2f05d403b7a6444a8fb480e887058a5) Importer(815301076,1909f56bfc062723c751e8b465ee728b)  -> (artifact id: '47c4ae0905ddc748c02a1c828a2fc687') in 0.021764 seconds 
========================================================================
Received Import Request.
  Time since last request: 578.722488 seconds.
  path: Assets/Materials/construction.png
  artifactKey: Guid(198d0c9f061da6b4d909887ae5ca6ea3) Importer(815301076,1909f56bfc062723c751e8b465ee728b)
Start importing Assets/Materials/construction.png using Guid(198d0c9f061da6b4d909887ae5ca6ea3) Importer(815301076,1909f56bfc062723c751e8b465ee728b)  -> (artifact id: 'fac1c7c078e0a66be927be5199664522') in 0.025267 seconds 
========================================================================
Received Import Request.
  Time since last request: 0.000031 seconds.
  path: Assets/Materials/heya1.png
  artifactKey: Guid(7978c995dd081eb48b193bbdc91a5d44) Importer(815301076,1909f56bfc062723c751e8b465ee728b)
Start importing Assets/Materials/heya1.png using Guid(7978c995dd081eb48b193bbdc91a5d44) Importer(815301076,1909f56bfc062723c751e8b465ee728b)  -> (artifact id: 'f52327165ec9a584cdec53320a2303db') in 0.030295 seconds 
========================================================================
Received Import Request.
  Time since last request: 0.000021 seconds.
  path: Assets/Materials/wall.mat
  artifactKey: Guid(f740fa576a439af4db26023abd89caa0) Importer(815301076,1909f56bfc062723c751e8b465ee728b)
Start importing Assets/Materials/wall.mat using Guid(f740fa576a439af4db26023abd89caa0) Importer(815301076,1909f56bfc062723c751e8b465ee728b)  -> (artifact id: 'a1010c6a7284399b9a4e8fb0c0f57860') in 0.026192 seconds 
========================================================================
Received Import Request.
  Time since last request: 0.000029 seconds.
  path: Assets/Materials/monster01.fbx
  artifactKey: Guid(e448f10855de0464ebe31b11750cc1a7) Importer(815301076,1909f56bfc062723c751e8b465ee728b)
Start importing Assets/Materials/monster01.fbx using Guid(e448f10855de0464ebe31b11750cc1a7) Importer(815301076,1909f56bfc062723c751e8b465ee728b)  -> (artifact id: 'bb3c9b26197920740a0bc48ad8921da0') in 0.105625 seconds 
========================================================================
Received Import Request.
  Time since last request: 0.000039 seconds.
  path: Assets/Materials/wall1.fbx
  artifactKey: Guid(6cd0ce37da336bf4b892dc2015edcca2) Importer(815301076,1909f56bfc062723c751e8b465ee728b)
Start importing Assets/Materials/wall1.fbx using Guid(6cd0ce37da336bf4b892dc2015edcca2) Importer(815301076,1909f56bfc062723c751e8b465ee728b)  -> (artifact id: 'e5a0bccf28d2e96a6794c143af327aa5') in 0.041293 seconds 
========================================================================
Received Import Request.
  Time since last request: 0.000022 seconds.
  path: Assets/Materials/New Material.mat
  artifactKey: Guid(c373033fd2efe7d4bbab25cefae711dc) Importer(815301076,1909f56bfc062723c751e8b465ee728b)
Start importing Assets/Materials/New Material.mat using Guid(c373033fd2efe7d4bbab25cefae711dc) Importer(815301076,1909f56bfc062723c751e8b465ee728b)  -> (artifact id: 'af3fd56414e86818b3e3e6504cea833a') in 0.026294 seconds 
========================================================================
Received Import Request.
  Time since last request: 0.000024 seconds.
  path: Assets/Materials/heya3.png
  artifactKey: Guid(a59707ff9784256448ab2d558d4e759a) Importer(815301076,1909f56bfc062723c751e8b465ee728b)
Start importing Assets/Materials/heya3.png using Guid(a59707ff9784256448ab2d558d4e759a) Importer(815301076,1909f56bfc062723c751e8b465ee728b)  -> (artifact id: '0cca005b609654d9a5ca0e42cdff6f04') in 0.025383 seconds 
Editor requested this worker to shutdown with reason: Scaling down because of idle timeout
AssetImportWorker is now disconnected from the server
Process exiting
Exiting without the bug reporter. Application will terminate with return code 0